This is XeTeX, Version 3.141592653-2.6-0.999994 (TeX Live 2022) (preloaded format=xelatex 2023.1.5)  5 JAN 2023 15:30
entering extended mode
 restricted \write18 enabled.
 %&-line parsing enabled.
**/Users/robertdellinger/Documents/Masters_Thesis/0_setup.tex
(/Users/robertdellinger/Documents/Masters_Thesis/0_setup.tex
LaTeX2e <2022-11-01> patch level 1
L3 programming layer <2022-12-17>

! LaTeX Error: \usepackage before \documentclass.

See the LaTeX manual or LaTeX Companion for explanation.
Type  H <return>  for immediate help.
 ...                                              
                                                  
l.2 \usepackage{
                lipsum} 
Here is how much of TeX's memory you used:
 17 strings out of 478777
 581 string characters out of 5850045
 1841979 words of memory out of 5000000
 20136 multiletter control sequences out of 15000+600000
 512287 words of font info for 32 fonts, out of 8000000 for 9000
 14 hyphenation exceptions out of 8191
 12i,0n,12p,91b,14s stack positions out of 10000i,1000n,20000p,200000b,200000s

No pages of output.
